<?xml version="1.0" encoding="UTF-8"?>
<!-- Generated by org.testng.reporters.JUnitReportReporter -->
<testsuite hostname="Rajeev" failures="0" tests="4" name="testcases.keyPressesTest" time="0.991" errors="0" timestamp="2020-12-24T07:28:03 GMT" skipped="0">
  <testcase classname="testcases.keyPressesTest" name="keypressTest" time="0.298"/>
  <system-out/>
  <testcase classname="testcases.keyPressesTest" name="keypressTest" time="0.235"/>
  <system-out/>
  <testcase classname="testcases.keyPressesTest" name="keypressTest" time="0.231"/>
  <system-out/>
  <testcase classname="testcases.keyPressesTest" name="keypressTest" time="0.227"/>
  <system-out/>
</testsuite> <!-- testcases.keyPressesTest -->
