<?xml version="1.0" encoding="UTF-8"?>
<!-- Generated by org.testng.reporters.JUnitReportReporter -->
<testsuite hostname="Rajeev" failures="0" tests="1" name="testcases.infiniteScrollTest" time="5.031" errors="0" timestamp="2020-12-24T09:23:02 GMT" skipped="0">
  <testcase classname="testcases.infiniteScrollTest" name="infinitescrollTest" time="5.031"/>
  <system-out/>
</testsuite> <!-- testcases.infiniteScrollTest -->
