<?xml version="1.0" encoding="UTF-8"?>
<!-- Generated by org.testng.reporters.JUnitReportReporter -->
<testsuite hostname="Rajeev" failures="0" tests="2" name="testcases.AddCustomerTest" time="1.365" errors="0" timestamp="2020-12-22T19:11:32 GMT" skipped="0">
  <testcase classname="testcases.AddCustomerTest" name="addCustomerTest" time="1.010"/>
  <system-out/>
  <testcase classname="testcases.AddCustomerTest" name="addCustomerTest" time="0.355"/>
  <system-out/>
</testsuite> <!-- testcases.AddCustomerTest -->
