<?xml version="1.0" encoding="UTF-8"?>
<!-- Generated by org.testng.reporters.JUnitReportReporter -->
<testsuite hostname="Rajeev" failures="0" tests="3" name="testcases.formAuthenticationTest" time="2.355" errors="0" timestamp="2020-12-24T14:01:07 GMT" skipped="0">
  <testcase classname="testcases.formAuthenticationTest" name="formauthenticationTest" time="0.941"/>
  <system-out/>
  <testcase classname="testcases.formAuthenticationTest" name="formauthenticationTest" time="0.703"/>
  <system-out/>
  <testcase classname="testcases.formAuthenticationTest" name="formauthenticationTest" time="0.711"/>
  <system-out/>
</testsuite> <!-- testcases.formAuthenticationTest -->
