<?xml version="1.0" encoding="UTF-8"?>
<!-- Generated by org.testng.reporters.JUnitReportReporter -->
<testsuite hostname="Rajeev" failures="0" tests="3" name="testcases.formAuthenticationTest" time="1.891" errors="0" timestamp="2020-12-24T14:34:28 GMT" skipped="0">
  <testcase classname="testcases.formAuthenticationTest" name="formauthenticationTest" time="0.702"/>
  <system-out/>
  <testcase classname="testcases.formAuthenticationTest" name="formauthenticationTest" time="0.579"/>
  <system-out/>
  <testcase classname="testcases.formAuthenticationTest" name="formauthenticationTest" time="0.610"/>
  <system-out/>
</testsuite> <!-- testcases.formAuthenticationTest -->
