<?xml version="1.0" encoding="UTF-8"?>
<!-- Generated by org.testng.reporters.JUnitReportReporter -->
<testsuite hostname="Rajeev" failures="0" tests="1" name="testcases.infiniteScrollTest" time="4.747" errors="0" timestamp="2020-12-24T14:34:28 GMT" skipped="0">
  <testcase classname="testcases.infiniteScrollTest" name="infinitescrollTest" time="4.747"/>
  <system-out/>
</testsuite> <!-- testcases.infiniteScrollTest -->
