<?xml version="1.0" encoding="UTF-8"?>
<!-- Generated by org.testng.reporters.JUnitReportReporter -->
<testsuite hostname="Rajeev" failures="0" tests="4" name="testcases.keyPressesTest" time="1.159" errors="0" timestamp="2020-12-24T14:34:28 GMT" skipped="0">
  <testcase classname="testcases.keyPressesTest" name="keypressTest" time="0.343"/>
  <system-out/>
  <testcase classname="testcases.keyPressesTest" name="keypressTest" time="0.197"/>
  <system-out/>
  <testcase classname="testcases.keyPressesTest" name="keypressTest" time="0.339"/>
  <system-out/>
  <testcase classname="testcases.keyPressesTest" name="keypressTest" time="0.280"/>
  <system-out/>
</testsuite> <!-- testcases.keyPressesTest -->
